# JRE version: OpenJDK Runtime Environment (11.0.15+10) (build 11.0.15+10-post-Debian-1deb11u1)
# Java VM: OpenJDK 64-Bit Server VM (11.0.15+10-post-Debian-1deb11u1, mixed mode, sharing, tiered, compressed oops, g1 gc, linux-amd64)
Heap:
 garbage-first heap   total 49152K, used 21941K [0x000000060c600000, 0x0000000800000000)
  region size 2048K, 3 young (6144K), 0 survivors (0K)
 Metaspace       used 11228K, capacity 12959K, committed 13184K, reserved 1060864K
  class space    used 1377K, capacity 1616K, committed 1664K, reserved 1048576K
GC Heap History (14 events):
Event: 0.208 GC heap before
{Heap before GC invocations=0 (full 0):
 garbage-first heap   total 516096K, used 8904K [0x000000060c600000, 0x0000000800000000)
  region size 2048K, 3 young (6144K), 0 survivors (0K)
 Metaspace       used 1467K, capacity 4698K, committed 4864K, reserved 1056768K
  class space    used 129K, capacity 435K, committed 512K, reserved 1048576K
}
Event: 0.219 GC heap after
{Heap after GC invocations=1 (full 1):
 garbage-first heap   total 49152K, used 6103K [0x000000060c600000, 0x0000000800000000)
  region size 2048K, 0 young (0K), 0 survivors (0K)
 Metaspace       used 1467K, capacity 4698K, committed 4864K, reserved 1056768K
  class space    used 129K, capacity 435K, committed 512K, reserved 1048576K
}
Event: 0.331 GC heap before
{Heap before GC invocations=1 (full 1):
 garbage-first heap   total 49152K, used 20439K [0x000000060c600000, 0x0000000800000000)
  region size 2048K, 7 young (14336K), 0 survivors (0K)
 Metaspace       used 2042K, capacity 4881K, committed 5120K, reserved 1056768K
  class space    used 180K, capacity 450K, committed 512K, reserved 1048576K
}
Event: 0.333 GC heap after
{Heap after GC invocations=2 (full 1):
 garbage-first heap   total 49152K, used 7465K [0x000000060c600000, 0x0000000800000000)
  region size 2048K, 1 young (2048K), 1 survivors (2048K)
 Metaspace       used 2042K, capacity 4881K, committed 5120K, reserved 1056768K
  class space    used 180K, capacity 450K, committed 512K, reserved 1048576K
}
Event: 0.375 GC heap before
{Heap before GC invocations=2 (full 1):
 garbage-first heap   total 49152K, used 25897K [0x000000060c600000, 0x0000000800000000)
  region size 2048K, 10 young (20480K), 1 survivors (2048K)
 Metaspace       used 2079K, capacity 4881K, committed 5120K, reserved 1056768K
  class space    used 180K, capacity 450K, committed 512K, reserved 1048576K
}
Event: 0.378 GC heap after
{Heap after GC invocations=3 (full 1):
 garbage-first heap   total 49152K, used 9355K [0x000000060c600000, 0x0000000800000000)
  region size 2048K, 2 young (4096K), 2 survivors (4096K)
 Metaspace       used 2079K, capacity 4881K, committed 5120K, reserved 1056768K
  class space    used 180K, capacity 450K, committed 512K, reserved 1048576K
}
Event: 0.417 GC heap before
{Heap before GC invocations=3 (full 1):
 garbage-first heap   total 49152K, used 11403K [0x000000060c600000, 0x0000000800000000)
  region size 2048K, 5 young (10240K), 2 survivors (4096K)
 Metaspace       used 2104K, capacity 4882K, committed 5120K, reserved 1056768K
  class space    used 180K, capacity 450K, committed 512K, reserved 1048576K
}
Event: 0.429 GC heap after
{Heap after GC invocations=4 (full 2):
 garbage-first heap   total 49152K, used 9920K [0x000000060c600000, 0x0000000800000000)
  region size 2048K, 0 young (0K), 0 survivors (0K)
 Metaspace       used 2104K, capacity 4882K, committed 5120K, reserved 1056768K
  class space    used 180K, capacity 450K, committed 512K, reserved 1048576K
}
Event: 0.592 GC heap before
{Heap before GC invocations=4 (full 2):
 garbage-first heap   total 49152K, used 16064K [0x000000060c600000, 0x0000000800000000)
  region size 2048K, 3 young (6144K), 0 survivors (0K)
 Metaspace       used 2761K, capacity 5170K, committed 5376K, reserved 1056768K
  class space    used 262K, capacity 507K, committed 512K, reserved 1048576K
}
Event: 0.608 GC heap after
{Heap after GC invocations=5 (full 3):
 garbage-first heap   total 49152K, used 18749K [0x000000060c600000, 0x0000000800000000)
  region size 2048K, 0 young (0K), 0 survivors (0K)
 Metaspace       used 2761K, capacity 5170K, committed 5376K, reserved 1056768K
  class space    used 262K, capacity 507K, committed 512K, reserved 1048576K
}
Event: 0.982 GC heap before
{Heap before GC invocations=5 (full 3):
 garbage-first heap   total 49152K, used 33085K [0x000000060c600000, 0x0000000800000000)
  region size 2048K, 7 young (14336K), 0 survivors (0K)
 Metaspace       used 7665K, capacity 9745K, committed 10112K, reserved 1058816K
  class space    used 823K, capacity 1072K, committed 1152K, reserved 1048576K
}
Event: 0.983 GC heap after
{Heap after GC invocations=6 (full 3):
 garbage-first heap   total 49152K, used 19805K [0x000000060c600000, 0x0000000800000000)
  region size 2048K, 1 young (2048K), 1 survivors (2048K)
 Metaspace       used 7665K, capacity 9745K, committed 10112K, reserved 1058816K
  class space    used 823K, capacity 1072K, committed 1152K, reserved 1048576K
}
Event: 1.175 GC heap before
{Heap before GC invocations=7 (full 3):
 garbage-first heap   total 49152K, used 25949K [0x000000060c600000, 0x0000000800000000)
  region size 2048K, 5 young (10240K), 1 survivors (2048K)
 Metaspace       used 9143K, capacity 11022K, committed 11392K, reserved 1058816K
  class space    used 1048K, capacity 1305K, committed 1408K, reserved 1048576K
}
Event: 1.192 GC heap after
{Heap after GC invocations=8 (full 4):
 garbage-first heap   total 49152K, used 19893K [0x000000060c600000, 0x0000000800000000)
  region size 2048K, 0 young (0K), 0 survivors (0K)
 Metaspace       used 9143K, capacity 11022K, committed 11392K, reserved 1058816K
  class space    used 1048K, capacity 1305K, committed 1408K, reserved 1048576K
}

